[ 2023-02-15 12:11:17,579 ] 15 root - INFO - >>>>>>>>>>>>>>>>>>>>>>>>>>>>>>>>>>>>>>>> Data Ingestion <<<<<<<<<<<<<<<<<<<<<<<<<<<<<<<<<<<<<<<<
[ 2023-02-15 12:11:17,580 ] 22 root - INFO - Exporting collection data as pandas dataframe
[ 2023-02-15 12:11:17,580 ] 21 root - INFO - Reading data from database: laptop_data and collection: laptop
[ 2023-02-15 12:11:17,988 ] 23 root - INFO - Found columns: Index(['_id', 'brand_names', 'price', 'score', 'processor brand',
       'processor type', 'processor gen', 'type of core', 'no of threads',
       'Ram', 'ram type', 'storage type', 'storage capacity', 'ppi', 'OS',
       'Warranty'],
      dtype='object')
[ 2023-02-15 12:11:17,988 ] 25 root - INFO - Dropping column: _id 
[ 2023-02-15 12:11:18,004 ] 27 root - INFO - Row and columns in df: (1016, 15)
[ 2023-02-15 12:11:18,004 ] 28 root - INFO - Save data in feature store
[ 2023-02-15 12:11:18,004 ] 34 root - INFO - Create feature store folder if not available
[ 2023-02-15 12:11:18,004 ] 38 root - INFO - Save df to feature store folder
[ 2023-02-15 12:11:18,020 ] 43 root - INFO - split dataset into train and test set
[ 2023-02-15 12:11:18,020 ] 47 root - INFO - create dataset directory folder if not available
[ 2023-02-15 12:11:18,020 ] 52 root - INFO - Save df to feature store folder
[ 2023-02-15 12:11:18,035 ] 64 root - INFO - Data ingestion artifact: DataIngestionArtifact(feature_store_file_path='F:\\Project\\laptop-price-prediction\\artifact\\02152023__121117\\data_ingestion\\feature_store\\cleaned_data.csv', train_file_path='F:\\Project\\laptop-price-prediction\\artifact\\02152023__121117\\data_ingestion\\dataset\\train.csv', test_file_path='F:\\Project\\laptop-price-prediction\\artifact\\02152023__121117\\data_ingestion\\dataset\\test.csv')
[ 2023-02-15 12:11:18,035 ] 21 root - INFO - >>>>>>>>>>>>>>>>>>>>>>>>>>>>>>>>>>>>>>>> Data Validation <<<<<<<<<<<<<<<<<<<<<<<<<<<<<<<<<<<<<<<<
[ 2023-02-15 12:11:18,035 ] 110 root - INFO - Reading base dataframe
[ 2023-02-15 12:11:18,051 ] 113 root - INFO - Replace na value in base df
[ 2023-02-15 12:11:18,051 ] 115 root - INFO - Drop null values colums from base df
[ 2023-02-15 12:11:18,051 ] 44 root - INFO - selecting column name which contains null above to 0.7
[ 2023-02-15 12:11:18,051 ] 47 root - INFO - Columns to drop: []
[ 2023-02-15 12:11:18,051 ] 118 root - INFO - Reading train dataframe
[ 2023-02-15 12:11:18,066 ] 120 root - INFO - Reading test dataframe
[ 2023-02-15 12:11:18,082 ] 123 root - INFO - Drop null values colums from train df
[ 2023-02-15 12:11:18,082 ] 44 root - INFO - selecting column name which contains null above to 0.7
[ 2023-02-15 12:11:18,082 ] 47 root - INFO - Columns to drop: []
[ 2023-02-15 12:11:18,082 ] 125 root - INFO - Drop null values colums from test df
[ 2023-02-15 12:11:18,082 ] 44 root - INFO - selecting column name which contains null above to 0.7
[ 2023-02-15 12:11:18,082 ] 47 root - INFO - Columns to drop: []
[ 2023-02-15 12:11:18,082 ] 134 root - INFO - Is all required columns present in train df
[ 2023-02-15 12:11:18,082 ] 136 root - INFO - Is all required columns present in test df
[ 2023-02-15 12:11:18,082 ] 147 root - INFO - Write reprt in yaml file
[ 2023-02-15 12:11:18,082 ] 152 root - INFO - Data validation artifact: DataValidationArtifact(report_file_path='F:\\Project\\laptop-price-prediction\\artifact\\02152023__121117\\data_validation\\report.yaml')
